<?xml version="1.0" encoding="UTF-8"?>
<coverage generated="1469103923986" clover="3.2.0">
	<project timestamp="1469103923986"  name="All Files" >
		<metrics statements="63"  coveredstatements="63"  conditionals="35"  coveredconditionals="22"  methods="26"  coveredmethods="26"  elements="124"  coveredelements="111"  complexity="0"  packages="2"  files="4"  classes="4"  loc="100"  ncloc="100" />
		<package name="app" >
			<metrics statements="16"  coveredstatements="16"  conditionals="31"  coveredconditionals="18"  methods="13"  coveredmethods="13" />
			<file name="News.js"  path="D:\ypmei\demo\app\News.js" >
				<metrics statements="13"  coveredstatements="13"  conditionals="31"  coveredconditionals="18"  methods="12"  coveredmethods="12" />
				<line num="1"  count="2"  type="cond"  truecount="5"  falsecount="3" />
				<line num="2"  count="1"  type="stmt" />
				<line num="3"  count="5"  type="cond"  truecount="13"  falsecount="10" />
				<line num="5"  count="1"  type="stmt" />
				<line num="6"  count="5"  type="stmt" />
				<line num="8"  count="5"  type="stmt" />
				<line num="9"  count="5"  type="stmt" />
				<line num="11"  count="1"  type="stmt" />
				<line num="13"  count="2"  type="stmt" />
				<line num="14"  count="2"  type="stmt" />
				<line num="17"  count="7"  type="stmt" />
				<line num="24"  count="12"  type="stmt" />
				<line num="30"  count="1"  type="stmt" />
			</file>
			<file name="sum.js"  path="D:\ypmei\demo\app\sum.js" >
				<metrics statements="3"  coveredstatements="3"  conditionals="0"  coveredconditionals="0"  methods="1"  coveredmethods="1" />
				<line num="1"  count="2"  type="stmt" />
				<line num="2"  count="8"  type="stmt" />
				<line num="3"  count="2"  type="stmt" />
			</file>
		</package>
		<package name="app.__tests__" >
			<metrics statements="47"  coveredstatements="47"  conditionals="4"  coveredconditionals="4"  methods="13"  coveredmethods="13" />
			<file name="News-test.js"  path="D:\ypmei\demo\app\__tests__\News-test.js" >
				<metrics statements="42"  coveredstatements="42"  conditionals="4"  coveredconditionals="4"  methods="11"  coveredmethods="11" />
				<line num="1"  count="1"  type="stmt" />
				<line num="3"  count="1"  type="stmt" />
				<line num="4"  count="1"  type="stmt" />
				<line num="5"  count="1"  type="stmt" />
				<line num="6"  count="1"  type="stmt" />
				<line num="7"  count="1"  type="stmt" />
				<line num="8"  count="4"  type="cond"  truecount="4"  falsecount="0" />
				<line num="10"  count="1"  type="stmt" />
				<line num="11"  count="1"  type="stmt" />
				<line num="12"  count="1"  type="stmt" />
				<line num="13"  count="1"  type="stmt" />
				<line num="16"  count="1"  type="stmt" />
				<line num="17"  count="1"  type="stmt" />
				<line num="18"  count="1"  type="stmt" />
				<line num="19"  count="1"  type="stmt" />
				<line num="20"  count="1"  type="stmt" />
				<line num="22"  count="1"  type="stmt" />
				<line num="23"  count="1"  type="stmt" />
				<line num="27"  count="1"  type="stmt" />
				<line num="28"  count="1"  type="stmt" />
				<line num="29"  count="1"  type="stmt" />
				<line num="30"  count="1"  type="stmt" />
				<line num="31"  count="1"  type="stmt" />
				<line num="33"  count="1"  type="stmt" />
				<line num="35"  count="1"  type="stmt" />
				<line num="36"  count="1"  type="stmt" />
				<line num="38"  count="1"  type="stmt" />
				<line num="39"  count="1"  type="stmt" />
				<line num="43"  count="1"  type="stmt" />
				<line num="44"  count="1"  type="stmt" />
				<line num="45"  count="1"  type="stmt" />
				<line num="46"  count="1"  type="stmt" />
				<line num="47"  count="1"  type="stmt" />
				<line num="50"  count="1"  type="stmt" />
				<line num="51"  count="1"  type="stmt" />
				<line num="52"  count="1"  type="stmt" />
				<line num="55"  count="1"  type="stmt" />
				<line num="56"  count="1"  type="stmt" />
				<line num="57"  count="1"  type="stmt" />
				<line num="58"  count="1"  type="stmt" />
				<line num="59"  count="1"  type="stmt" />
				<line num="60"  count="1"  type="stmt" />
			</file>
			<file name="sum-test.js"  path="D:\ypmei\demo\app\__tests__\sum-test.js" >
				<metrics statements="5"  coveredstatements="5"  conditionals="0"  coveredconditionals="0"  methods="2"  coveredmethods="2" />
				<line num="1"  count="1"  type="stmt" />
				<line num="3"  count="1"  type="stmt" />
				<line num="5"  count="1"  type="stmt" />
				<line num="6"  count="1"  type="stmt" />
				<line num="7"  count="1"  type="stmt" />
			</file>
		</package>
	</project>
</coverage>
