{
"D:\\ypmei\\demo\\app\\__tests__\\sum-test.js":{"path":"D:\\ypmei\\demo\\app\\__tests__\\sum-test.js","s":{"1":1,"2":1,"3":1,"4":1,"5":1},"b":{},"f":{"1":1,"2":1},"fnMap":{"1":{"name":"(anonymous_1)","line":5,"loc":{"start":{"line":5,"column":16},"end":{"line":5,"column":28}}},"2":{"name":"(anonymous_2)","line":6,"loc":{"start":{"line":6,"column":13},"end":{"line":6,"column":25}}}},"statementMap":{"1":{"start":{"line":1,"column":39},"end":{"line":1,"column":61},"skip":true},"2":{"start":{"line":3,"column":0},"end":{"line":3,"column":55}},"3":{"start":{"line":5,"column":0},"end":{"line":9,"column":3}},"4":{"start":{"line":6,"column":1},"end":{"line":8,"column":4}},"5":{"start":{"line":7,"column":2},"end":{"line":7,"column":65}}},"branchMap":{},"l":{"1":1,"3":1,"5":1,"6":1,"7":1}},
"D:\\ypmei\\demo\\app\\sum.js":{"path":"D:\\ypmei\\demo\\app\\sum.js","s":{"1":2,"2":2,"3":8,"4":2},"b":{},"f":{"1":8},"fnMap":{"1":{"name":"sum","line":1,"loc":{"start":{"line":1,"column":101},"end":{"line":1,"column":120}}}},"statementMap":{"1":{"start":{"line":1,"column":39},"end":{"line":1,"column":101},"skip":true},"2":{"start":{"line":1,"column":101},"end":{"line":3,"column":1}},"3":{"start":{"line":2,"column":1},"end":{"line":2,"column":14}},"4":{"start":{"line":3,"column":28},"end":{"line":5,"column":10}}},"branchMap":{},"l":{"1":2,"2":8,"3":2}},
"D:\\ypmei\\demo\\app\\__tests__\\News-test.js":{"path":"D:\\ypmei\\demo\\app\\__tests__\\News-test.js","s":{"1":1,"2":1,"3":1,"4":1,"5":1,"6":1,"7":1,"8":1,"9":1,"10":1,"11":1,"12":1,"13":4,"14":1,"15":1,"16":1,"17":1,"18":1,"19":1,"20":1,"21":1,"22":1,"23":1,"24":1,"25":1,"26":1,"27":1,"28":1,"29":1,"30":1,"31":1,"32":1,"33":1,"34":1,"35":1,"36":1,"37":1,"38":1,"39":1,"40":1,"41":1,"42":1,"43":1,"44":1,"45":1,"46":1,"47":1,"48":1},"b":{"1":[1,3],"2":[4,4]},"f":{"1":4,"2":1,"3":1,"4":1,"5":1,"6":1,"7":1,"8":1,"9":1,"10":1,"11":1},"fnMap":{"1":{"name":"_interopRequireDefault","line":8,"loc":{"start":{"line":8,"column":127},"end":{"line":8,"column":164}}},"2":{"name":"shallowRender","line":10,"loc":{"start":{"line":10,"column":0},"end":{"line":10,"column":41}}},"3":{"name":"(anonymous_3)","line":16,"loc":{"start":{"line":16,"column":18},"end":{"line":16,"column":30}}},"4":{"name":"(anonymous_4)","line":18,"loc":{"start":{"line":18,"column":21},"end":{"line":18,"column":33}}},"5":{"name":"(anonymous_5)","line":22,"loc":{"start":{"line":22,"column":25},"end":{"line":22,"column":37}}},"6":{"name":"(anonymous_6)","line":27,"loc":{"start":{"line":27,"column":23},"end":{"line":27,"column":35}}},"7":{"name":"(anonymous_7)","line":28,"loc":{"start":{"line":28,"column":14},"end":{"line":28,"column":26}}},"8":{"name":"(anonymous_8)","line":43,"loc":{"start":{"line":43,"column":28},"end":{"line":43,"column":40}}},"9":{"name":"(anonymous_9)","line":44,"loc":{"start":{"line":44,"column":21},"end":{"line":44,"column":33}}},"10":{"name":"(anonymous_10)","line":50,"loc":{"start":{"line":50,"column":14},"end":{"line":50,"column":26}}},"11":{"name":"(anonymous_11)","line":55,"loc":{"start":{"line":55,"column":14},"end":{"line":55,"column":26}}}},"statementMap":{"1":{"start":{"line":1,"column":39},"end":{"line":1,"column":62},"skip":true},"2":{"start":{"line":3,"column":0},"end":{"line":3,"column":56}},"3":{"start":{"line":3,"column":83},"end":{"line":3,"column":128}},"4":{"start":{"line":4,"column":0},"end":{"line":4,"column":63}},"5":{"start":{"line":4,"column":90},"end":{"line":4,"column":141}},"6":{"start":{"line":5,"column":0},"end":{"line":5,"column":54}},"7":{"start":{"line":6,"column":0},"end":{"line":6,"column":89}},"8":{"start":{"line":6,"column":116},"end":{"line":6,"column":191}},"9":{"start":{"line":7,"column":0},"end":{"line":7,"column":58}},"10":{"start":{"line":8,"column":0},"end":{"line":8,"column":57}},"11":{"start":{"line":8,"column":84},"end":{"line":8,"column":127}},"12":{"start":{"line":8,"column":127},"end":{"line":8,"column":220}},"13":{"start":{"line":8,"column":165},"end":{"line":8,"column":219}},"14":{"start":{"line":10,"column":0},"end":{"line":14,"column":1}},"15":{"start":{"line":11,"column":1},"end":{"line":11,"column":90}},"16":{"start":{"line":12,"column":1},"end":{"line":12,"column":93}},"17":{"start":{"line":13,"column":1},"end":{"line":13,"column":35}},"18":{"start":{"line":16,"column":0},"end":{"line":25,"column":3}},"19":{"start":{"line":17,"column":1},"end":{"line":17,"column":68}},"20":{"start":{"line":18,"column":1},"end":{"line":21,"column":4}},"21":{"start":{"line":19,"column":28},"end":{"line":19,"column":89}},"22":{"start":{"line":20,"column":28},"end":{"line":20,"column":102}},"23":{"start":{"line":22,"column":1},"end":{"line":24,"column":4}},"24":{"start":{"line":23,"column":28},"end":{"line":23,"column":112}},"25":{"start":{"line":27,"column":0},"end":{"line":41,"column":3}},"26":{"start":{"line":28,"column":1},"end":{"line":40,"column":4}},"27":{"start":{"line":29,"column":2},"end":{"line":29,"column":221}},"28":{"start":{"line":30,"column":2},"end":{"line":30,"column":115},"skip":true},"29":{"start":{"line":31,"column":2},"end":{"line":31,"column":29}},"30":{"start":{"line":33,"column":2},"end":{"line":33,"column":77}},"31":{"start":{"line":35,"column":2},"end":{"line":35,"column":52}},"32":{"start":{"line":36,"column":28},"end":{"line":36,"column":88}},"33":{"start":{"line":38,"column":2},"end":{"line":38,"column":120}},"34":{"start":{"line":39,"column":28},"end":{"line":39,"column":87}},"35":{"start":{"line":43,"column":0},"end":{"line":62,"column":3}},"36":{"start":{"line":44,"column":1},"end":{"line":48,"column":4}},"37":{"start":{"line":45,"column":2},"end":{"line":45,"column":192}},"38":{"start":{"line":46,"column":28},"end":{"line":46,"column":93},"skip":true},"39":{"start":{"line":47,"column":28},"end":{"line":47,"column":95}},"40":{"start":{"line":50,"column":1},"end":{"line":53,"column":4}},"41":{"start":{"line":51,"column":2},"end":{"line":51,"column":191}},"42":{"start":{"line":52,"column":28},"end":{"line":52,"column":81},"skip":true},"43":{"start":{"line":55,"column":1},"end":{"line":61,"column":4}},"44":{"start":{"line":56,"column":2},"end":{"line":56,"column":190}},"45":{"start":{"line":57,"column":2},"end":{"line":57,"column":36},"skip":true},"46":{"start":{"line":58,"column":2},"end":{"line":58,"column":40}},"47":{"start":{"line":59,"column":2},"end":{"line":59,"column":33}},"48":{"start":{"line":60,"column":28},"end":{"line":60,"column":89}}},"branchMap":{"1":{"line":8,"type":"cond-expr","locations":[{"start":{"line":8,"column":196},"end":{"line":8,"column":199}},{"start":{"line":8,"column":202},"end":{"line":8,"column":218}}]},"2":{"line":8,"type":"binary-expr","locations":[{"start":{"line":8,"column":172},"end":{"line":8,"column":175}},{"start":{"line":8,"column":179},"end":{"line":8,"column":193}}]}},"l":{"1":1,"3":1,"4":1,"5":1,"6":1,"7":1,"8":4,"10":1,"11":1,"12":1,"13":1,"16":1,"17":1,"18":1,"19":1,"20":1,"22":1,"23":1,"27":1,"28":1,"29":1,"30":1,"31":1,"33":1,"35":1,"36":1,"38":1,"39":1,"43":1,"44":1,"45":1,"46":1,"47":1,"50":1,"51":1,"52":1,"55":1,"56":1,"57":1,"58":1,"59":1,"60":1}},
"D:\\ypmei\\demo\\app\\News.js":{"path":"D:\\ypmei\\demo\\app\\News.js","s":{"1":1,"2":1,"3":1,"4":1,"5":2,"6":2,"7":2,"8":2,"9":2,"10":2,"11":1,"12":1,"13":1,"14":1,"15":0,"16":1,"17":1,"18":1,"19":1,"20":1,"21":1,"22":1,"23":2,"24":1,"25":5,"26":0,"27":1,"28":5,"29":0,"30":5,"31":1,"32":1,"33":0,"34":1,"35":1,"36":1,"37":1,"38":1,"39":1,"40":5,"41":5,"42":5,"43":5,"44":1,"45":2,"46":2,"47":7,"48":12,"49":1,"50":1},"b":{"1":[2,2],"2":[2,0],"3":[1,0],"4":[0,1],"5":[0,2],"6":[2,2],"7":[0,5],"8":[0,5],"9":[0,5],"10":[5,0,0],"11":[0,1],"12":[1,0],"13":[1,1],"14":[1,0],"15":[1,0]},"f":{"1":1,"2":1,"3":1,"4":2,"5":5,"6":5,"7":1,"8":1,"9":5,"10":2,"11":7,"12":12},"fnMap":{"1":{"name":"(anonymous_1)","line":1,"loc":{"start":{"line":1,"column":120},"end":{"line":1,"column":132}}},"2":{"name":"defineProperties","line":1,"loc":{"start":{"line":1,"column":133},"end":{"line":1,"column":174}}},"3":{"name":"(anonymous_3)","line":1,"loc":{"start":{"line":1,"column":448},"end":{"line":1,"column":496}}},"4":{"name":"_interopRequireDefault","line":3,"loc":{"start":{"line":3,"column":81},"end":{"line":3,"column":118}}},"5":{"name":"_classCallCheck","line":3,"loc":{"start":{"line":3,"column":174},"end":{"line":3,"column":222}}},"6":{"name":"_possibleConstructorReturn","line":3,"loc":{"start":{"line":3,"column":323},"end":{"line":3,"column":371}}},"7":{"name":"_inherits","line":3,"loc":{"start":{"line":3,"column":558},"end":{"line":3,"column":599}}},"8":{"name":"(anonymous_8)","line":5,"loc":{"start":{"line":5,"column":7},"end":{"line":5,"column":29}}},"9":{"name":"News","line":6,"loc":{"start":{"line":6,"column":2},"end":{"line":6,"column":49}}},"10":{"name":"delItem","line":11,"loc":{"start":{"line":11,"column":48},"end":{"line":12,"column":4}}},"11":{"name":"render","line":15,"loc":{"start":{"line":15,"column":33},"end":{"line":16,"column":4}}},"12":{"name":"(anonymous_12)","line":23,"loc":{"start":{"line":23,"column":33},"end":{"line":23,"column":49}}}},"statementMap":{"1":{"start":{"line":1,"column":39},"end":{"line":1,"column":101},"skip":true},"2":{"start":{"line":1,"column":101},"end":{"line":1,"column":650}},"3":{"start":{"line":1,"column":133},"end":{"line":1,"column":441}},"4":{"start":{"line":1,"column":175},"end":{"line":1,"column":440}},"5":{"start":{"line":1,"column":215},"end":{"line":1,"column":241}},"6":{"start":{"line":1,"column":241},"end":{"line":1,"column":296}},"7":{"start":{"line":1,"column":296},"end":{"line":1,"column":327}},"8":{"start":{"line":1,"column":327},"end":{"line":1,"column":381}},"9":{"start":{"line":1,"column":354},"end":{"line":1,"column":381}},"10":{"start":{"line":1,"column":381},"end":{"line":1,"column":439}},"11":{"start":{"line":1,"column":441},"end":{"line":1,"column":646}},"12":{"start":{"line":1,"column":497},"end":{"line":1,"column":565}},"13":{"start":{"line":1,"column":513},"end":{"line":1,"column":565}},"14":{"start":{"line":1,"column":565},"end":{"line":1,"column":625}},"15":{"start":{"line":1,"column":582},"end":{"line":1,"column":625}},"16":{"start":{"line":1,"column":625},"end":{"line":1,"column":644}},"17":{"start":{"line":1,"column":650},"end":{"line":1,"column":706}},"18":{"start":{"line":1,"column":733},"end":{"line":1,"column":778}},"19":{"start":{"line":2,"column":0},"end":{"line":2,"column":58}},"20":{"start":{"line":2,"column":85},"end":{"line":2,"column":132}},"21":{"start":{"line":3,"column":0},"end":{"line":3,"column":54}},"22":{"start":{"line":3,"column":81},"end":{"line":3,"column":174}},"23":{"start":{"line":3,"column":119},"end":{"line":3,"column":173}},"24":{"start":{"line":3,"column":174},"end":{"line":3,"column":323}},"25":{"start":{"line":3,"column":223},"end":{"line":3,"column":322}},"26":{"start":{"line":3,"column":264},"end":{"line":3,"column":321}},"27":{"start":{"line":3,"column":323},"end":{"line":3,"column":558}},"28":{"start":{"line":3,"column":372},"end":{"line":3,"column":471}},"29":{"start":{"line":3,"column":384},"end":{"line":3,"column":470}},"30":{"start":{"line":3,"column":471},"end":{"line":3,"column":557}},"31":{"start":{"line":3,"column":558},"end":{"line":3,"column":1046}},"32":{"start":{"line":3,"column":600},"end":{"line":3,"column":763}},"33":{"start":{"line":3,"column":662},"end":{"line":3,"column":762}},"34":{"start":{"line":3,"column":763},"end":{"line":3,"column":927}},"35":{"start":{"line":3,"column":927},"end":{"line":3,"column":1045}},"36":{"start":{"line":3,"column":943},"end":{"line":3,"column":1045}},"37":{"start":{"line":3,"column":1046},"end":{"line":30,"column":42}},"38":{"start":{"line":5,"column":30},"end":{"line":5,"column":58}},"39":{"start":{"line":6,"column":2},"end":{"line":11,"column":3}},"40":{"start":{"line":6,"column":76},"end":{"line":6,"column":104}},"41":{"start":{"line":6,"column":104},"end":{"line":7,"column":12}},"42":{"start":{"line":8,"column":30},"end":{"line":9,"column":28}},"43":{"start":{"line":9,"column":55},"end":{"line":9,"column":68}},"44":{"start":{"line":11,"column":3},"end":{"line":30,"column":10}},"45":{"start":{"line":13,"column":6},"end":{"line":13,"column":96}},"46":{"start":{"line":14,"column":6},"end":{"line":14,"column":25}},"47":{"start":{"line":17,"column":6},"end":{"line":27,"column":205}},"48":{"start":{"line":24,"column":14},"end":{"line":24,"column":159}},"49":{"start":{"line":30,"column":10},"end":{"line":30,"column":22},"skip":true},"50":{"start":{"line":30,"column":69},"end":{"line":30,"column":92}}},"branchMap":{"1":{"line":1,"type":"binary-expr","locations":[{"start":{"line":1,"column":265},"end":{"line":1,"column":286}},{"start":{"line":1,"column":290},"end":{"line":1,"column":295}}]},"2":{"line":1,"type":"if","locations":[{"start":{"line":1,"column":327},"end":{"line":1,"column":327}},{"start":{"line":1,"column":327},"end":{"line":1,"column":327}}]},"3":{"line":1,"type":"if","locations":[{"start":{"line":1,"column":497},"end":{"line":1,"column":497}},{"start":{"line":1,"column":497},"end":{"line":1,"column":497}}]},"4":{"line":1,"type":"if","locations":[{"start":{"line":1,"column":565},"end":{"line":1,"column":565}},{"start":{"line":1,"column":565},"end":{"line":1,"column":565}}]},"5":{"line":3,"type":"cond-expr","locations":[{"start":{"line":3,"column":150},"end":{"line":3,"column":153}},{"start":{"line":3,"column":156},"end":{"line":3,"column":172}}]},"6":{"line":3,"type":"binary-expr","locations":[{"start":{"line":3,"column":126},"end":{"line":3,"column":129}},{"start":{"line":3,"column":133},"end":{"line":3,"column":147}}]},"7":{"line":3,"type":"if","locations":[{"start":{"line":3,"column":223},"end":{"line":3,"column":223}},{"start":{"line":3,"column":223},"end":{"line":3,"column":223}}]},"8":{"line":3,"type":"if","locations":[{"start":{"line":3,"column":372},"end":{"line":3,"column":372}},{"start":{"line":3,"column":372},"end":{"line":3,"column":372}}]},"9":{"line":3,"type":"cond-expr","locations":[{"start":{"line":3,"column":545},"end":{"line":3,"column":549}},{"start":{"line":3,"column":552},"end":{"line":3,"column":556}}]},"10":{"line":3,"type":"binary-expr","locations":[{"start":{"line":3,"column":478},"end":{"line":3,"column":482}},{"start":{"line":3,"column":487},"end":{"line":3,"column":511}},{"start":{"line":3,"column":515},"end":{"line":3,"column":541}}]},"11":{"line":3,"type":"if","locations":[{"start":{"line":3,"column":600},"end":{"line":3,"column":600}},{"start":{"line":3,"column":600},"end":{"line":3,"column":600}}]},"12":{"line":3,"type":"binary-expr","locations":[{"start":{"line":3,"column":604},"end":{"line":3,"column":636}},{"start":{"line":3,"column":640},"end":{"line":3,"column":659}}]},"13":{"line":3,"type":"binary-expr","locations":[{"start":{"line":3,"column":798},"end":{"line":3,"column":808}},{"start":{"line":3,"column":812},"end":{"line":3,"column":832}}]},"14":{"line":3,"type":"if","locations":[{"start":{"line":3,"column":927},"end":{"line":3,"column":927}},{"start":{"line":3,"column":927},"end":{"line":3,"column":927}}]},"15":{"line":3,"type":"cond-expr","locations":[{"start":{"line":3,"column":967},"end":{"line":3,"column":1010}},{"start":{"line":3,"column":1013},"end":{"line":3,"column":1044}}]}},"l":{"1":2,"2":1,"3":5,"5":1,"6":5,"8":5,"9":5,"11":1,"13":2,"14":2,"17":7,"24":12,"30":1}}}
