TN:
SF:D:\ypmei\demo\app\__tests__\sum-test.js
FN:5,(anonymous_1)
FN:6,(anonymous_2)
FNF:2
FNH:2
FNDA:1,(anonymous_1)
FNDA:1,(anonymous_2)
DA:1,1
DA:3,1
DA:5,1
DA:6,1
DA:7,1
LF:5
LH:5
BRF:0
BRH:0
end_of_record
TN:
SF:D:\ypmei\demo\app\sum.js
FN:1,sum
FNF:1
FNH:1
FNDA:8,sum
DA:1,2
DA:2,8
DA:3,2
LF:3
LH:3
BRF:0
BRH:0
end_of_record
TN:
SF:D:\ypmei\demo\app\__tests__\News-test.js
FN:8,_interopRequireDefault
FN:10,shallowRender
FN:16,(anonymous_3)
FN:18,(anonymous_4)
FN:22,(anonymous_5)
FN:27,(anonymous_6)
FN:28,(anonymous_7)
FN:43,(anonymous_8)
FN:44,(anonymous_9)
FN:50,(anonymous_10)
FN:55,(anonymous_11)
FNF:11
FNH:11
FNDA:4,_interopRequireDefault
FNDA:1,shallowRender
FNDA:1,(anonymous_3)
FNDA:1,(anonymous_4)
FNDA:1,(anonymous_5)
FNDA:1,(anonymous_6)
FNDA:1,(anonymous_7)
FNDA:1,(anonymous_8)
FNDA:1,(anonymous_9)
FNDA:1,(anonymous_10)
FNDA:1,(anonymous_11)
DA:1,1
DA:3,1
DA:4,1
DA:5,1
DA:6,1
DA:7,1
DA:8,4
DA:10,1
DA:11,1
DA:12,1
DA:13,1
DA:16,1
DA:17,1
DA:18,1
DA:19,1
DA:20,1
DA:22,1
DA:23,1
DA:27,1
DA:28,1
DA:29,1
DA:30,1
DA:31,1
DA:33,1
DA:35,1
DA:36,1
DA:38,1
DA:39,1
DA:43,1
DA:44,1
DA:45,1
DA:46,1
DA:47,1
DA:50,1
DA:51,1
DA:52,1
DA:55,1
DA:56,1
DA:57,1
DA:58,1
DA:59,1
DA:60,1
LF:42
LH:42
BRDA:8,1,0,1
BRDA:8,1,1,3
BRDA:8,2,0,4
BRDA:8,2,1,4
BRF:4
BRH:4
end_of_record
TN:
SF:D:\ypmei\demo\app\News.js
FN:1,(anonymous_1)
FN:1,defineProperties
FN:1,(anonymous_3)
FN:3,_interopRequireDefault
FN:3,_classCallCheck
FN:3,_possibleConstructorReturn
FN:3,_inherits
FN:5,(anonymous_8)
FN:6,News
FN:11,delItem
FN:15,render
FN:23,(anonymous_12)
FNF:12
FNH:12
FNDA:1,(anonymous_1)
FNDA:1,defineProperties
FNDA:1,(anonymous_3)
FNDA:2,_interopRequireDefault
FNDA:5,_classCallCheck
FNDA:5,_possibleConstructorReturn
FNDA:1,_inherits
FNDA:1,(anonymous_8)
FNDA:5,News
FNDA:2,delItem
FNDA:7,render
FNDA:12,(anonymous_12)
DA:1,2
DA:2,1
DA:3,5
DA:5,1
DA:6,5
DA:8,5
DA:9,5
DA:11,1
DA:13,2
DA:14,2
DA:17,7
DA:24,12
DA:30,1
LF:13
LH:13
BRDA:1,1,0,2
BRDA:1,1,1,2
BRDA:1,2,0,2
BRDA:1,2,1,0
BRDA:1,3,0,1
BRDA:1,3,1,0
BRDA:1,4,0,0
BRDA:1,4,1,1
BRDA:3,5,0,0
BRDA:3,5,1,2
BRDA:3,6,0,2
BRDA:3,6,1,2
BRDA:3,7,0,0
BRDA:3,7,1,5
BRDA:3,8,0,0
BRDA:3,8,1,5
BRDA:3,9,0,0
BRDA:3,9,1,5
BRDA:3,10,0,5
BRDA:3,10,1,0
BRDA:3,10,2,0
BRDA:3,11,0,0
BRDA:3,11,1,1
BRDA:3,12,0,1
BRDA:3,12,1,0
BRDA:3,13,0,1
BRDA:3,13,1,1
BRDA:3,14,0,1
BRDA:3,14,1,0
BRDA:3,15,0,1
BRDA:3,15,1,0
BRF:31
BRH:18
end_of_record
